<?xml version="1.0" encoding="UTF-8"?>
<!-- Generated by org.testng.reporters.JUnitReportReporter -->
<testsuite hostname="LTIN184267" name="testPackage.Arraylist1" tests="1" failures="0" timestamp="12 Apr 2021 12:29:56 GMT" time="0.026" errors="0">
  <testcase name="method1" time="0.026" classname="testPackage.Arraylist1"/>
</testsuite> <!-- testPackage.Arraylist1 -->
