<?xml version="1.0" encoding="UTF-8"?>
<!-- Generated by org.testng.reporters.JUnitReportReporter -->
<testsuite hostname="LTIN184267" name="testPackage.Test02_GETStatic" tests="1" failures="0" timestamp="12 Apr 2021 16:57:57 GMT" time="3.741" errors="0">
  <testcase name="dynamicParse" time="3.741" classname="testPackage.Test02_GETStatic"/>
</testsuite> <!-- testPackage.Test02_GETStatic -->
