<?xml version="1.0" encoding="UTF-8"?>
<!-- Generated by org.testng.reporters.JUnitReportReporter -->
<testsuite hostname="LTIN184267" name="testPackage.Test01_GET" tests="1" failures="0" timestamp="31 Mar 2021 17:56:32 GMT" time="2.271" errors="0">
  <testcase name="testo1" time="2.271" classname="testPackage.Test01_GET"/>
</testsuite> <!-- testPackage.Test01_GET -->
