<?xml version="1.0" encoding="UTF-8"?>
<!-- Generated by org.testng.reporters.JUnitReportReporter -->
<testsuite hostname="LTIN184267" name="testPackage.Test03_Post" tests="1" failures="0" timestamp="1 Apr 2021 13:09:58 GMT" time="3.988" errors="0">
  <testcase name="TestPost" time="3.988" classname="testPackage.Test03_Post"/>
</testsuite> <!-- testPackage.Test03_Post -->
